c:\users\owner\source\repos\opengl_engine\opengl_engine\debug\vc141.pdb
c:\users\owner\source\repos\opengl_engine\opengl_engine\debug\vc141.idb
c:\users\owner\source\repos\opengl_engine\opengl_engine\debug\main.obj
c:\users\owner\source\repos\opengl_engine\opengl_engine\debug\camera.obj
c:\users\owner\source\repos\opengl_engine\opengl_engine\debug\shader.obj
c:\users\owner\source\repos\opengl_engine\opengl_engine\debug\util.obj
c:\users\owner\source\repos\opengl_engine\opengl_engine\debug\3dapp.obj
c:\users\owner\source\repos\opengl_engine\opengl_engine\debug\shadermanager.obj
c:\users\owner\source\repos\opengl_engine\opengl_engine\debug\vertex.obj
c:\users\owner\source\repos\opengl_engine\opengl_engine\debug\geometrygenerator.obj
c:\users\owner\source\repos\opengl_engine\opengl_engine\debug\geometrymesh.obj
c:\users\owner\source\repos\opengl_engine\opengl_engine\debug\material.obj
c:\users\owner\source\repos\opengl_engine\opengl_engine\debug\pointlight.obj
c:\users\owner\source\repos\opengl_engine\opengl_engine\debug\imgui_widgets.obj
c:\users\owner\source\repos\opengl_engine\opengl_engine\debug\imgui_impl_opengl3.obj
c:\users\owner\source\repos\opengl_engine\opengl_engine\debug\imgui_impl_glfw.obj
c:\users\owner\source\repos\opengl_engine\opengl_engine\debug\imgui_draw.obj
c:\users\owner\source\repos\opengl_engine\opengl_engine\debug\imgui_demo.obj
c:\users\owner\source\repos\opengl_engine\opengl_engine\debug\imgui.obj
c:\users\owner\source\repos\opengl_engine\debug\opengl_engine.ilk
c:\users\owner\source\repos\opengl_engine\debug\opengl_engine.exe
c:\users\owner\source\repos\opengl_engine\debug\opengl_engine.pdb
c:\users\owner\source\repos\opengl_engine\opengl_engine\debug\gui.obj
c:\users\owner\source\repos\opengl_engine\opengl_engine\debug\opengl_engine.tlog\cl.command.1.tlog
c:\users\owner\source\repos\opengl_engine\opengl_engine\debug\opengl_engine.tlog\cl.read.1.tlog
c:\users\owner\source\repos\opengl_engine\opengl_engine\debug\opengl_engine.tlog\cl.write.1.tlog
c:\users\owner\source\repos\opengl_engine\opengl_engine\debug\opengl_engine.tlog\link.command.1.tlog
c:\users\owner\source\repos\opengl_engine\opengl_engine\debug\opengl_engine.tlog\link.read.1.tlog
c:\users\owner\source\repos\opengl_engine\opengl_engine\debug\opengl_engine.tlog\link.write.1.tlog
