  Application.cpp
c:\users\owner\source\repos\opengl_engine\opengl_engine\application.cpp(105): warning C4244: 'argument': conversion from 'double' to 'const float', possible loss of data
  Camera.cpp
c:\users\owner\source\repos\opengl_engine\opengl_engine\camera.cpp(75): warning C4244: '=': conversion from 'double' to 'T', possible loss of data
          with
          [
              T=float
          ]
c:\users\owner\source\repos\opengl_engine\opengl_engine\camera.cpp(76): warning C4244: '=': conversion from 'double' to 'T', possible loss of data
          with
          [
              T=float
          ]
c:\users\owner\source\repos\opengl_engine\opengl_engine\camera.cpp(77): warning C4244: '=': conversion from 'double' to 'T', possible loss of data
          with
          [
              T=float
          ]
  3dApp.cpp
  GeometryGenerator.cpp
c:\users\owner\source\repos\opengl_engine\opengl_engine\geometrygenerator.cpp(21): warning C4244: 'initializing': conversion from 'double' to 'float', possible loss of data
c:\users\owner\source\repos\opengl_engine\opengl_engine\geometrygenerator.cpp(22): warning C4244: 'initializing': conversion from 'double' to 'float', possible loss of data
c:\users\owner\source\repos\opengl_engine\opengl_engine\geometrygenerator.cpp(23): warning C4244: 'initializing': conversion from 'double' to 'float', possible loss of data
c:\users\owner\source\repos\opengl_engine\opengl_engine\geometrygenerator.cpp(32): warning C4244: '=': conversion from 'double' to 'float', possible loss of data
c:\users\owner\source\repos\opengl_engine\opengl_engine\geometrygenerator.cpp(33): warning C4244: '=': conversion from 'double' to 'float', possible loss of data
c:\users\owner\source\repos\opengl_engine\opengl_engine\geometrygenerator.cpp(34): warning C4244: '=': conversion from 'double' to 'float', possible loss of data
c:\users\owner\source\repos\opengl_engine\opengl_engine\geometrygenerator.cpp(41): warning C4244: '=': conversion from 'double' to 'float', possible loss of data
c:\users\owner\source\repos\opengl_engine\opengl_engine\geometrygenerator.cpp(42): warning C4244: '=': conversion from 'double' to 'float', possible loss of data
c:\users\owner\source\repos\opengl_engine\opengl_engine\geometrygenerator.cpp(43): warning C4244: '=': conversion from 'double' to 'float', possible loss of data
c:\users\owner\source\repos\opengl_engine\opengl_engine\geometrygenerator.cpp(51): warning C4244: '=': conversion from 'double' to 'float', possible loss of data
c:\users\owner\source\repos\opengl_engine\opengl_engine\geometrygenerator.cpp(52): warning C4244: '=': conversion from 'double' to 'float', possible loss of data
c:\users\owner\source\repos\opengl_engine\opengl_engine\geometrygenerator.cpp(53): warning C4244: '=': conversion from 'double' to 'float', possible loss of data
c:\users\owner\source\repos\opengl_engine\opengl_engine\geometrygenerator.cpp(129): warning C4244: '=': conversion from 'double' to 'T', possible loss of data
          with
          [
              T=float
          ]
c:\users\owner\source\repos\opengl_engine\opengl_engine\geometrygenerator.cpp(134): warning C4244: '=': conversion from 'double' to 'T', possible loss of data
          with
          [
              T=float
          ]
c:\users\owner\source\repos\opengl_engine\opengl_engine\geometrygenerator.cpp(139): warning C4244: '=': conversion from 'double' to 'T', possible loss of data
          with
          [
              T=float
          ]
c:\users\owner\source\repos\opengl_engine\opengl_engine\geometrygenerator.cpp(144): warning C4244: '=': conversion from 'double' to 'T', possible loss of data
          with
          [
              T=float
          ]
  GeometryMesh.cpp
  GUI.cpp
c:\users\owner\source\repos\opengl_engine\opengl_engine\gui.cpp(55): warning C4244: 'argument': conversion from 'float' to 'int', possible loss of data
c:\users\owner\source\repos\opengl_engine\opengl_engine\gui.cpp(118): warning C4018: '<': signed/unsigned mismatch
  imgui.cpp
  imgui_demo.cpp
  imgui_draw.cpp
  imgui_impl_glfw.cpp
  imgui_impl_opengl3.cpp
  imgui_widgets.cpp
  Material.cpp
  PointLight.cpp
  ShaderManager.cpp
  Util.cpp
  Vertex.cpp
  Generating Code...
c:\users\owner\source\repos\opengl_engine\opengl_engine\application.cpp(234): warning C4715: 'Application::Init': not all control paths return a value
  OpenGL_Engine.vcxproj -> C:\Users\Owner\source\repos\OpenGL_Engine\Debug\OpenGL_Engine.exe
