  Application.cpp
c:\users\owner\source\repos\opengl_engine\opengl_engine\mainheaders.h(2): fatal error C1083: Cannot open include file: 'GL/glew.h': No such file or directory
  Camera.cpp
c:\users\owner\source\repos\opengl_engine\opengl_engine\camera.h(2): fatal error C1083: Cannot open include file: 'GL/glew.h': No such file or directory
  3dApp.cpp
c:\users\owner\source\repos\opengl_engine\opengl_engine\mainheaders.h(2): fatal error C1083: Cannot open include file: 'GL/glew.h': No such file or directory
  GeometryGenerator.cpp
c:\users\owner\source\repos\opengl_engine\opengl_engine\mainheaders.h(2): fatal error C1083: Cannot open include file: 'GL/glew.h': No such file or directory
  GeometryMesh.cpp
c:\users\owner\source\repos\opengl_engine\opengl_engine\mainheaders.h(2): fatal error C1083: Cannot open include file: 'GL/glew.h': No such file or directory
  GUI.cpp
c:\users\owner\source\repos\opengl_engine\opengl_engine\imgui\imgui_impl_opengl3.h(61): fatal error C1189: #error:  "Cannot detect OpenGL loader!"
  imgui.cpp
  imgui_demo.cpp
  imgui_draw.cpp
  imgui_impl_glfw.cpp
c:\users\owner\source\repos\opengl_engine\opengl_engine\imgui\imgui_impl_glfw.cpp(44): fatal error C1083: Cannot open include file: 'GLFW/glfw3.h': No such file or directory
  imgui_impl_opengl3.cpp
c:\users\owner\source\repos\opengl_engine\opengl_engine\imgui\imgui_impl_opengl3.h(61): fatal error C1189: #error:  "Cannot detect OpenGL loader!"
  imgui_widgets.cpp
  main.cpp
c:\users\owner\source\repos\opengl_engine\opengl_engine\imgui\imgui_impl_opengl3.h(61): fatal error C1189: #error:  "Cannot detect OpenGL loader!"
  Material.cpp
c:\users\owner\source\repos\opengl_engine\opengl_engine\mainheaders.h(2): fatal error C1083: Cannot open include file: 'GL/glew.h': No such file or directory
  PointLight.cpp
c:\users\owner\source\repos\opengl_engine\opengl_engine\mainheaders.h(2): fatal error C1083: Cannot open include file: 'GL/glew.h': No such file or directory
  Scene.cpp
c:\users\owner\source\repos\opengl_engine\opengl_engine\mainheaders.h(2): fatal error C1083: Cannot open include file: 'GL/glew.h': No such file or directory
  ShaderManager.cpp
c:\users\owner\source\repos\opengl_engine\opengl_engine\shadermanager.h(2): fatal error C1083: Cannot open include file: 'GL/glew.h': No such file or directory
  Util.cpp
c:\users\owner\source\repos\opengl_engine\opengl_engine\util.h(2): fatal error C1083: Cannot open include file: 'GL/glew.h': No such file or directory
  Vertex.cpp
c:\users\owner\source\repos\opengl_engine\opengl_engine\mainheaders.h(2): fatal error C1083: Cannot open include file: 'GL/glew.h': No such file or directory
  Generating Code...
